0 info it worked if it ends with ok
1 verbose cli [ '/usr/bin/node', '/usr/bin/npm', 'start' ]
2 info using npm@3.5.2
3 info using node@v8.10.0
4 verbose run-script [ 'prestart', 'start', 'poststart' ]
5 info lifecycle csdosc@1.0.0~prestart: csdosc@1.0.0
6 silly lifecycle csdosc@1.0.0~prestart: no script for prestart, continuing
7 info lifecycle csdosc@1.0.0~start: csdosc@1.0.0
8 verbose lifecycle csdosc@1.0.0~start: unsafe-perm in lifecycle true
9 verbose lifecycle csdosc@1.0.0~start: PATH: /usr/share/npm/bin/node-gyp-bin:/mnt/d/hku/jaar2/csd2/csd2d/node_modules/.bin:/home/paulw/.local/bin:/usr/local/sbin:/usr/local/bin:/usr/sbin:/usr/bin:/sbin:/bin:/usr/games:/usr/local/games:/mnt/c/Program Files/WindowsApps/CanonicalGroupLimited.UbuntuonWindows_2004.2021.222.0_x64__79rhkp1fndgsc:/mnt/c/Python39/Scripts/:/mnt/c/Python39/:/mnt/c/Program Files (x86)/Intel/iCLS Client/:/mnt/c/Program Files/Intel/iCLS Client/:/mnt/c/windows/system32:/mnt/c/windows:/mnt/c/windows/System32/Wbem:/mnt/c/windows/System32/WindowsPowerShell/v1.0/:/mnt/c/Program Files (x86)/Intel/Intel(R) Management Engine Components/DAL:/mnt/c/Program Files/Intel/Intel(R) Management Engine Components/DAL:/mnt/c/Program Files (x86)/Intel/Intel(R) Management Engine Components/IPT:/mnt/c/Program Files/Intel/Intel(R) Management Engine Components/IPT:/mnt/c/Program Files (x86)/NVIDIA Corporation/PhysX/Common:/mnt/c/WINDOWS/system32:/mnt/c/WINDOWS:/mnt/c/WINDOWS/System32/Wbem:/mnt/c/WINDOWS/System32/WindowsPowerShell/v1.0/:/mnt/c/WINDOWS/System32/OpenSSH/:/mnt/c/Program Files (x86)/Windows Kits/10/Windows Performance Toolkit/:/mnt/c/Program Files/Intel/WiFi/bin/:/mnt/c/Program Files/Common Files/Intel/WirelessCommon/:/mnt/c/Program Files/Git/cmd:/mnt/c/MinGW/bin:/mnt/c/Program Files/nodejs/:/mnt/c/ProgramData/chocolatey/bin:/mnt/c/Program Files/Git LFS:/mnt/c/Users/paulw/anaconda3:/mnt/c/Users/paulw/anaconda3/Library/mingw-w64/bin:/mnt/c/Users/paulw/anaconda3/Library/usr/bin:/mnt/c/Users/paulw/anaconda3/Library/bin:/mnt/c/Users/paulw/anaconda3/Scripts:/mnt/c/Users/paulw/AppData/Local/Microsoft/WindowsApps:/mnt/c/Users/paulw/AppData/Local/atom/bin:/mnt/c/Users/paulw/AppData/Local/Programs/Microsoft VS Code/bin:/mnt/c/Users/paulw/AppData/Local/Microsoft/WindowsApps:/mnt/c/Users/paulw/AppData/Roaming/npm:/mnt/c/MinGW/msys/1.0/bin:/mnt/c/Program Files/JetBrains/CLion 2020.3/bin:/mnt/d/opencv/build/x64/vc15/bin:/snap/bin
10 verbose lifecycle csdosc@1.0.0~start: CWD: /mnt/d/hku/jaar2/csd2/csd2d
11 silly lifecycle csdosc@1.0.0~start: Args: [ '-c', 'node oscServer.js' ]
12 silly lifecycle csdosc@1.0.0~start: Returned: code: 1  signal: null
13 info lifecycle csdosc@1.0.0~start: Failed to exec start script
14 verbose stack Error: csdosc@1.0.0 start: `node oscServer.js`
14 verbose stack Exit status 1
14 verbose stack     at EventEmitter.<anonymous> (/usr/share/npm/lib/utils/lifecycle.js:232:16)
14 verbose stack     at emitTwo (events.js:126:13)
14 verbose stack     at EventEmitter.emit (events.js:214:7)
14 verbose stack     at ChildProcess.<anonymous> (/usr/share/npm/lib/utils/spawn.js:24:14)
14 verbose stack     at emitTwo (events.js:126:13)
14 verbose stack     at ChildProcess.emit (events.js:214:7)
14 verbose stack     at maybeClose (internal/child_process.js:925:16)
14 verbose stack     at Process.ChildProcess._handle.onexit (internal/child_process.js:209:5)
15 verbose pkgid csdosc@1.0.0
16 verbose cwd /mnt/d/hku/jaar2/csd2/csd2d
17 error Linux 4.4.0-18362-Microsoft
18 error argv "/usr/bin/node" "/usr/bin/npm" "start"
19 error node v8.10.0
20 error npm  v3.5.2
21 error code ELIFECYCLE
22 error csdosc@1.0.0 start: `node oscServer.js`
22 error Exit status 1
23 error Failed at the csdosc@1.0.0 start script 'node oscServer.js'.
23 error Make sure you have the latest version of node.js and npm installed.
23 error If you do, this is most likely a problem with the csdosc package,
23 error not with npm itself.
23 error Tell the author that this fails on your system:
23 error     node oscServer.js
23 error You can get information on how to open an issue for this project with:
23 error     npm bugs csdosc
23 error Or if that isn't available, you can get their info via:
23 error     npm owner ls csdosc
23 error There is likely additional logging output above.
24 verbose exit [ 1, true ]
